<?xml version="1.0" encoding="utf-8"?><testsuites name="pytest tests"><testsuite name="pytest" errors="0" failures="3" skipped="0" tests="122" time="16.960" timestamp="2025-09-09T16:59:51.991040-05:00" hostname="EvilBookPro.local"><testcase classname="tests.unit.test_expect_failure.TestExpectedFailures" name="test_email_validation_strict_mode" time="0.007" /><testcase classname="tests.unit.test_expect_failure.TestExpectedFailures" name="test_phone_validation_international_format" time="0.002" /><testcase classname="tests.unit.test_expect_failure.TestExpectedFailures" name="test_random_string_length_consistency" time="0.002"><failure message="AssertionError: Empty string should not be returned for length 0&#10;assert '' != ''">tests/unit/test_expect_failure.py:64: in test_random_string_length_consistency
    assert result != "", "Empty string should not be returned for length 0"
E   AssertionError: Empty string should not be returned for length 0
E   assert '' != ''</failure></testcase><testcase classname="tests.unit.test_expect_failure.TestExpectedFailures" name="test_email_validation_performance" time="0.002"><failure message="AssertionError: Long email should be valid&#10;assert False is True">tests/unit/test_expect_failure.py:85: in test_email_validation_performance
    assert result is True, "Long email should be valid"
E   AssertionError: Long email should be valid
E   assert False is True</failure></testcase><testcase classname="tests.unit.test_expect_failure.TestExpectedFailures" name="test_phone_validation_with_special_characters" time="0.002" /><testcase classname="tests.unit.test_expect_failure.TestExpectedFailures" name="test_random_string_character_set" time="0.002"><failure message="AssertionError: String should contain special characters&#10;assert False&#10; +  where False = any(&lt;generator object TestExpectedFailures.test_random_string_character_set.&lt;locals&gt;.&lt;genexpr&gt; at 0x110a69970&gt;)">tests/unit/test_expect_failure.py:117: in test_random_string_character_set
    assert any(c in "!@#$%^&amp;*" for c in result), "String should contain special characters"
E   AssertionError: String should contain special characters
E   assert False
E    +  where False = any(&lt;generator object TestExpectedFailures.test_random_string_character_set.&lt;locals&gt;.&lt;genexpr&gt; at 0x110a69970&gt;)</failure></testcase><testcase classname="tests.unit.test_expect_failure.TestExpectedFailures" name="test_email_validation_case_sensitivity" time="0.002" /><testcase classname="tests.unit.test_expect_failure.TestExpectedFailures" name="test_phone_validation_country_code_handling" time="0.002" /><testcase classname="tests.unit.test_expect_failure.TestExpectedFailures" name="test_random_string_uniqueness_guarantee" time="0.007" /><testcase classname="tests.unit.test_expect_failure.TestExpectedFailures" name="test_email_validation_domain_validation" time="0.002" /><testcase classname="tests.unit.test_framework_basic.TestFrameworkBasic" name="test_pytest_working" time="0.002" /><testcase classname="tests.unit.test_framework_basic.TestFrameworkBasic" name="test_api_client_creation" time="0.002" /><testcase classname="tests.unit.test_framework_basic.TestFrameworkBasic" name="test_user_factory" time="0.003" /><testcase classname="tests.unit.test_framework_basic.TestFrameworkBasic" name="test_product_factory" time="0.002" /><testcase classname="tests.unit.test_framework_basic.TestFrameworkBasic" name="test_user_factory_batch" time="0.004" /><testcase classname="tests.unit.test_framework_basic.TestFrameworkBasic" name="test_product_factory_batch" time="0.003" /><testcase classname="tests.unit.test_framework_basic.TestFrameworkBasic" name="test_smoke_marker" time="0.002" /><testcase classname="tests.unit.test_framework_basic.TestFrameworkBasic" name="test_unit_marker" time="0.002" /><testcase classname="tests.unit.test_framework_basic.TestFrameworkBasic" name="test_parametrized[1]" time="0.002" /><testcase classname="tests.unit.test_framework_basic.TestFrameworkBasic" name="test_parametrized[2]" time="0.002" /><testcase classname="tests.unit.test_framework_basic.TestFrameworkBasic" name="test_parametrized[3]" time="0.002" /><testcase classname="tests.unit.test_framework_basic.TestFrameworkBasic" name="test_parametrized[4]" time="0.002" /><testcase classname="tests.unit.test_framework_basic.TestFrameworkBasic" name="test_parametrized[5]" time="0.002" /><testcase classname="tests.unit.test_helpers_unit.TestGenerateRandomString" name="test_default_length" time="0.002" /><testcase classname="tests.unit.test_helpers_unit.TestGenerateRandomString" name="test_custom_length" time="0.002" /><testcase classname="tests.unit.test_helpers_unit.TestGenerateRandomString" name="test_zero_length" time="0.002" /><testcase classname="tests.unit.test_helpers_unit.TestGenerateRandomString" name="test_negative_length" time="0.002" /><testcase classname="tests.unit.test_helpers_unit.TestGenerateRandomString" name="test_string_uniqueness" time="0.003" /><testcase classname="tests.unit.test_helpers_unit.TestValidateEmail" name="test_valid_emails" time="0.002" /><testcase classname="tests.unit.test_helpers_unit.TestValidateEmail" name="test_invalid_emails" time="0.002" /><testcase classname="tests.unit.test_helpers_unit.TestValidateEmail" name="test_email_edge_cases" time="0.002" /><testcase classname="tests.unit.test_helpers_unit.TestGenerateRandomEmail" name="test_default_domain" time="0.002" /><testcase classname="tests.unit.test_helpers_unit.TestGenerateRandomEmail" name="test_custom_domain" time="0.002" /><testcase classname="tests.unit.test_helpers_unit.TestGenerateRandomEmail" name="test_email_uniqueness" time="0.003" /><testcase classname="tests.unit.test_helpers_unit.TestGenerateRandomPhone" name="test_phone_format" time="0.002" /><testcase classname="tests.unit.test_helpers_unit.TestGenerateRandomPhone" name="test_phone_validation" time="0.002" /><testcase classname="tests.unit.test_helpers_unit.TestGenerateRandomPhone" name="test_phone_uniqueness" time="0.002" /><testcase classname="tests.unit.test_helpers_unit.TestFormatTimestamp" name="test_format_current_time" time="0.002" /><testcase classname="tests.unit.test_helpers_unit.TestFormatTimestamp" name="test_format_specific_time" time="0.002" /><testcase classname="tests.unit.test_helpers_unit.TestFormatTimestamp" name="test_custom_format" time="0.002" /><testcase classname="tests.unit.test_helpers_unit.TestParseTimestamp" name="test_parse_valid_timestamp" time="0.003" /><testcase classname="tests.unit.test_helpers_unit.TestParseTimestamp" name="test_parse_custom_format" time="0.002" /><testcase classname="tests.unit.test_helpers_unit.TestParseTimestamp" name="test_parse_invalid_timestamp" time="0.002" /><testcase classname="tests.unit.test_helpers_unit.TestMaskSensitiveData" name="test_mask_email" time="0.002" /><testcase classname="tests.unit.test_helpers_unit.TestMaskSensitiveData" name="test_mask_phone" time="0.002" /><testcase classname="tests.unit.test_helpers_unit.TestMaskSensitiveData" name="test_mask_custom_visible_chars" time="0.002" /><testcase classname="tests.unit.test_helpers_unit.TestMaskSensitiveData" name="test_mask_short_data" time="0.002" /><testcase classname="tests.unit.test_helpers_unit.TestValidatePhone" name="test_valid_phones" time="0.002" /><testcase classname="tests.unit.test_helpers_unit.TestValidatePhone" name="test_invalid_phones" time="0.002" /><testcase classname="tests.unit.test_helpers_unit.TestConvertToDict" name="test_convert_dict" time="0.002" /><testcase classname="tests.unit.test_helpers_unit.TestConvertToDict" name="test_convert_list" time="0.002" /><testcase classname="tests.unit.test_helpers_unit.TestConvertToDict" name="test_convert_primitive" time="0.002" /><testcase classname="tests.unit.test_helpers_unit.TestDeepMergeDicts" name="test_merge_simple_dicts" time="0.002" /><testcase classname="tests.unit.test_helpers_unit.TestDeepMergeDicts" name="test_merge_nested_dicts" time="0.002" /><testcase classname="tests.unit.test_helpers_unit.TestDeepMergeDicts" name="test_merge_with_overwrite" time="0.002" /><testcase classname="tests.unit.test_helpers_unit.TestChunkList" name="test_chunk_even_division" time="0.002" /><testcase classname="tests.unit.test_helpers_unit.TestChunkList" name="test_chunk_uneven_division" time="0.002" /><testcase classname="tests.unit.test_helpers_unit.TestChunkList" name="test_chunk_empty_list" time="0.002" /><testcase classname="tests.unit.test_helpers_unit.TestChunkList" name="test_chunk_single_element" time="0.002" /><testcase classname="tests.unit.test_helpers_unit.TestFlattenDict" name="test_flatten_simple_dict" time="0.002" /><testcase classname="tests.unit.test_helpers_unit.TestFlattenDict" name="test_flatten_nested_dict" time="0.002" /><testcase classname="tests.unit.test_helpers_unit.TestFlattenDict" name="test_flatten_deeply_nested_dict" time="0.002" /><testcase classname="tests.unit.test_helpers_unit.TestFlattenDict" name="test_flatten_custom_separator" time="0.002" /><testcase classname="tests.unit.test_helpers_unit.TestMeasureExecutionTime" name="test_measure_execution_time" time="0.014" /><testcase classname="tests.unit.test_helpers_unit.TestMeasureExecutionTime" name="test_measure_execution_time_with_args" time="0.002" /><testcase classname="tests.component.test_api_client_component.TestAPIClientComponent" name="test_get_request_success" time="0.004" /><testcase classname="tests.component.test_api_client_component.TestAPIClientComponent" name="test_post_request_success" time="0.003" /><testcase classname="tests.component.test_api_client_component.TestAPIClientComponent" name="test_put_request_success" time="0.004" /><testcase classname="tests.component.test_api_client_component.TestAPIClientComponent" name="test_delete_request_success" time="0.003" /><testcase classname="tests.component.test_api_client_component.TestAPIClientComponent" name="test_request_with_authentication" time="0.003" /><testcase classname="tests.component.test_api_client_component.TestAPIClientComponent" name="test_request_error_handling" time="0.003" /><testcase classname="tests.component.test_api_client_component.TestAPIClientComponent" name="test_request_timeout_handling" time="0.003" /><testcase classname="tests.component.test_api_client_component.TestAPIClientComponent" name="test_request_connection_error_handling" time="0.002" /><testcase classname="tests.component.test_api_client_component.TestAPIClientComponent" name="test_clear_authentication" time="0.002" /><testcase classname="tests.component.test_api_client_component.TestAPIClientComponent" name="test_set_custom_headers" time="0.002" /><testcase classname="tests.component.test_api_client_component.TestAPIClientComponent" name="test_merge_headers" time="0.002" /><testcase classname="tests.component.test_factories_component.TestUserFactoryComponent" name="test_create_user_with_mocked_faker" time="0.002" /><testcase classname="tests.component.test_factories_component.TestUserFactoryComponent" name="test_create_users_batch" time="0.004" /><testcase classname="tests.component.test_factories_component.TestUserFactoryComponent" name="test_create_user_with_custom_data" time="0.002" /><testcase classname="tests.component.test_factories_component.TestUserFactoryComponent" name="test_user_serialization" time="0.002" /><testcase classname="tests.component.test_factories_component.TestProductFactoryComponent" name="test_create_product_with_mocked_faker" time="0.002" /><testcase classname="tests.component.test_factories_component.TestProductFactoryComponent" name="test_create_products_batch" time="0.003" /><testcase classname="tests.component.test_factories_component.TestProductFactoryComponent" name="test_create_product_with_custom_data" time="0.002" /><testcase classname="tests.component.test_factories_component.TestProductFactoryComponent" name="test_product_serialization" time="0.002" /><testcase classname="tests.component.test_factories_component.TestOrderFactoryComponent" name="test_create_order_with_mocked_factories" time="0.002" /><testcase classname="tests.component.test_factories_component.TestOrderFactoryComponent" name="test_create_orders_batch" time="0.005" /><testcase classname="tests.component.test_factories_component.TestOrderFactoryComponent" name="test_order_serialization" time="0.002" /><testcase classname="tests.component.test_factories_component.TestFactoryIntegration" name="test_user_and_order_integration" time="0.003" /><testcase classname="tests.component.test_factories_component.TestFactoryIntegration" name="test_product_and_order_integration" time="0.003" /><testcase classname="tests.e2e.test_user_registration_e2e.TestUserRegistrationE2E" name="test_complete_user_registration_workflow" time="0.003" /><testcase classname="tests.e2e.test_user_registration_e2e.TestUserRegistrationE2E" name="test_user_registration_with_validation_errors" time="0.003" /><testcase classname="tests.e2e.test_user_registration_e2e.TestUserRegistrationE2E" name="test_user_registration_email_already_exists" time="0.003" /><testcase classname="tests.e2e.test_user_registration_e2e.TestUserRegistrationE2E" name="test_user_registration_with_network_error" time="0.002" /><testcase classname="tests.e2e.test_user_registration_e2e.TestUserRegistrationE2E" name="test_user_registration_data_validation" time="0.002" /><testcase classname="tests.e2e.test_user_registration_e2e.TestUserRegistrationE2E" name="test_user_registration_success_with_factory_data" time="0.003" /><testcase classname="tests.integration.test_api_examples.TestUserAPI" name="test_create_user" time="0.220" /><testcase classname="tests.integration.test_api_examples.TestUserAPI" name="test_get_user" time="0.120" /><testcase classname="tests.integration.test_api_examples.TestUserAPI" name="test_update_user" time="0.235" /><testcase classname="tests.integration.test_api_examples.TestUserAPI" name="test_delete_user" time="0.146" /><testcase classname="tests.integration.test_api_examples.TestUserAPI" name="test_user_creation_data_driven[user_data0]" time="0.163" /><testcase classname="tests.integration.test_api_examples.TestUserAPI" name="test_user_creation_data_driven[user_data1]" time="0.142" /><testcase classname="tests.integration.test_api_examples.TestUserAPI" name="test_user_creation_data_driven[user_data2]" time="0.156" /><testcase classname="tests.integration.test_api_examples.TestProductAPI" name="test_get_products" time="0.139" /><testcase classname="tests.integration.test_api_examples.TestProductAPI" name="test_create_product" time="0.152" /><testcase classname="tests.integration.test_api_examples.TestProductAPI" name="test_get_product_by_id" time="0.111" /><testcase classname="tests.integration.test_api_examples.TestProductAPI" name="test_update_product" time="0.231" /><testcase classname="tests.integration.test_api_examples.TestOrderAPI" name="test_create_order" time="0.152" /><testcase classname="tests.integration.test_api_examples.TestOrderAPI" name="test_get_user_orders" time="0.115" /><testcase classname="tests.integration.test_api_examples.TestOrderAPI" name="test_update_order_status" time="0.151" /><testcase classname="tests.integration.test_api_examples.TestGraphQLAPI" name="test_graphql_query_users" time="0.111" /><testcase classname="tests.integration.test_api_examples.TestGraphQLAPI" name="test_graphql_mutation_create_user" time="0.143" /><testcase classname="tests.integration.test_api_examples.TestGraphQLAPI" name="test_graphql_query_with_variables" time="0.118" /><testcase classname="tests.integration.test_api_examples.TestAPIErrorHandling" name="test_invalid_user_data" time="0.148" /><testcase classname="tests.integration.test_api_examples.TestAPIErrorHandling" name="test_nonexistent_resource" time="0.116" /><testcase classname="tests.integration.test_api_examples.TestAPIErrorHandling" name="test_unauthorized_access" time="0.120" /><testcase classname="tests.performance.test_api_performance.TestAPIPerformance" name="test_user_creation_performance" time="0.933" /><testcase classname="tests.performance.test_api_performance.TestAPIPerformance" name="test_bulk_product_creation_performance" time="1.652" /><testcase classname="tests.performance.test_api_performance.TestAPIPerformance" name="test_concurrent_user_creation" time="0.578" /><testcase classname="tests.performance.test_api_performance.TestAPIPerformance" name="test_api_rate_limiting" time="0.973" /><testcase classname="tests.performance.test_api_performance.TestAPIPerformance" name="test_response_time_consistency" time="0.511" /><testcase classname="tests.performance.test_api_performance.TestAPIPerformance" name="test_memory_usage_under_load" time="8.081" /><testcase classname="tests.performance.test_api_performance.TestAPIPerformance" name="test_concurrent_mixed_operations" time="0.478" /></testsuite></testsuites>