<?xml version="1.0" encoding="utf-8"?><testsuites name="pytest tests"><testsuite name="pytest" errors="0" failures="0" skipped="0" tests="11" time="0.610" timestamp="2025-09-09T20:34:44.460697-05:00" hostname="EvilBookPro.local"><testcase classname="tests.test_allure_example.TestAllureAIExample" name="test_ai_test_generation" time="0.016" /><testcase classname="tests.test_allure_example.TestAllureAIExample" name="test_template_processing" time="0.003" /><testcase classname="tests.test_allure_example.TestAllureAIExample" name="test_yaml_processing" time="0.002" /><testcase classname="tests.test_allure_example.TestAllureAIExample" name="test_prompt_generation" time="0.002" /><testcase classname="tests.test_allure_example.TestAllureAIExample" name="test_validation" time="0.002" /><testcase classname="tests.test_allure_example.TestAllureAIExample" name="test_generation_performance" time="0.224" /><testcase classname="tests.test_allure_example.TestAllureAIExample" name="test_error_handling" time="0.002" /><testcase classname="tests.test_allure_example.TestAllureAIExample" name="test_full_pipeline" time="0.003" /><testcase classname="tests.test_allure_example.TestAllureAIExample" name="test_custom_markers" time="0.002" /><testcase classname="tests.test_allure_example.TestAllureAISuite" name="test_ai_suite_setup" time="0.002" /><testcase classname="tests.test_allure_example.TestAllureAISuite" name="test_ai_suite_teardown" time="0.006" /></testsuite></testsuites>